The system is: Windows - 10.0.22621 - AMD64
Compiling the C compiler identification source file "CMakeCCompilerId.c" succeeded.
Compiler:  
Build flags: 
Id flags:  

The output was:
0
MSBuild version 17.4.0+18d5aef85 for .NET Framework
Compilazione avviata 23/11/2022 23:25:59.
Progetto "C:\Users\mattz\Documents\GitHub\food-mobile-flutter\build\CMakeFiles\3.24.202208181-MSVC_2\CompilerIdC\CompilerIdC.vcxproj" sul nodo 1 (destinazioni predefinite).
PrepareForBuild:
  Creazione directory "Debug\".
  Creazione directory "Debug\CompilerIdC.tlog\".
InitializeBuildStatus:
  Creazione di "Debug\CompilerIdC.tlog\unsuccessfulbuild". È stato specificato "AlwaysCreate".
ClCompile:
  C:\Program Files\Microsoft Visual Studio\2022\Enterprise\VC\Tools\MSVC\14.34.31933\bin\HostX86\x86\CL.exe /c /nologo /W0 /WX- /diagnostics:column /Od /Oy- /D _MBCS /Gm- /EHsc /RTC1 /MDd /GS /fp:precise /Zc:wchar_t /Zc:forScope /Zc:inline /Fo"Debug\\" /Fd"Debug\vc143.pdb" /external:W0 /Gd /TC /analyze- /FC /errorReport:queue CMakeCCompilerId.c
  CMakeCCompilerId.c
Link:
  C:\Program Files\Microsoft Visual Studio\2022\Enterprise\VC\Tools\MSVC\14.34.31933\bin\HostX86\x86\link.exe /ERRORREPORT:QUEUE /OUT:".\CompilerIdC.exe" /INCREMENTAL:NO /NOLOGO kernel32.lib user32.lib gdi32.lib winspool.lib comdlg32.lib advapi32.lib shell32.lib ole32.lib oleaut32.lib uuid.lib odbc32.lib odbccp32.lib /MANIFEST /MANIFESTUAC:"level='asInvoker' uiAccess='false'" /manifest:embed /PDB:".\CompilerIdC.pdb" /SUBSYSTEM:CONSOLE /TLBID:1 /DYNAMICBASE /NXCOMPAT /IMPLIB:".\CompilerIdC.lib" /MACHINE:X86 /SAFESEH Debug\CMakeCCompilerId.obj
  CompilerIdC.vcxproj -> C:\Users\mattz\Documents\GitHub\food-mobile-flutter\build\CMakeFiles\3.24.202208181-MSVC_2\CompilerIdC\CompilerIdC.exe
PostBuildEvent:
  for %%i in (cl.exe) do @echo CMAKE_C_COMPILER=%%~$PATH:i
  :VCEnd
  CMAKE_C_COMPILER=C:\Program Files\Microsoft Visual Studio\2022\Enterprise\VC\Tools\MSVC\14.34.31933\bin\Hostx86\x86\cl.exe
FinalizeBuildStatus:
  Eliminazione del file "Debug\CompilerIdC.tlog\unsuccessfulbuild" in corso.
  Aggiornamento timestamp di "Debug\CompilerIdC.tlog\CompilerIdC.lastbuildstate".
Compilazione progetto "C:\Users\mattz\Documents\GitHub\food-mobile-flutter\build\CMakeFiles\3.24.202208181-MSVC_2\CompilerIdC\CompilerIdC.vcxproj" (destinazioni predefinite) completata.

Compilazione completata.
    Avvisi: 0
    Errori: 0

Tempo trascorso 00:00:03.68


Compilation of the C compiler identification source "CMakeCCompilerId.c" produced "CompilerIdC.exe"

Compilation of the C compiler identification source "CMakeCCompilerId.c" produced "CompilerIdC.vcxproj"

The C compiler identification is MSVC, found in "C:/Users/mattz/Documents/GitHub/food-mobile-flutter/build/CMakeFiles/3.24.202208181-MSVC_2/CompilerIdC/CompilerIdC.exe"

Compiling the CXX compiler identification source file "CMakeCXXCompilerId.cpp" succeeded.
Compiler:  
Build flags: 
Id flags:  

The output was:
0
MSBuild version 17.4.0+18d5aef85 for .NET Framework
Compilazione avviata 23/11/2022 23:26:05.
Progetto "C:\Users\mattz\Documents\GitHub\food-mobile-flutter\build\CMakeFiles\3.24.202208181-MSVC_2\CompilerIdCXX\CompilerIdCXX.vcxproj" sul nodo 1 (destinazioni predefinite).
PrepareForBuild:
  Creazione directory "Debug\".
  Creazione directory "Debug\CompilerIdCXX.tlog\".
InitializeBuildStatus:
  Creazione di "Debug\CompilerIdCXX.tlog\unsuccessfulbuild". È stato specificato "AlwaysCreate".
ClCompile:
  C:\Program Files\Microsoft Visual Studio\2022\Enterprise\VC\Tools\MSVC\14.34.31933\bin\HostX86\x86\CL.exe /c /nologo /W0 /WX- /diagnostics:column /Od /Oy- /D _MBCS /Gm- /EHsc /RTC1 /MDd /GS /fp:precise /Zc:wchar_t /Zc:forScope /Zc:inline /Fo"Debug\\" /Fd"Debug\vc143.pdb" /external:W0 /Gd /TP /analyze- /FC /errorReport:queue CMakeCXXCompilerId.cpp
  CMakeCXXCompilerId.cpp
Link:
  C:\Program Files\Microsoft Visual Studio\2022\Enterprise\VC\Tools\MSVC\14.34.31933\bin\HostX86\x86\link.exe /ERRORREPORT:QUEUE /OUT:".\CompilerIdCXX.exe" /INCREMENTAL:NO /NOLOGO kernel32.lib user32.lib gdi32.lib winspool.lib comdlg32.lib advapi32.lib shell32.lib ole32.lib oleaut32.lib uuid.lib odbc32.lib odbccp32.lib /MANIFEST /MANIFESTUAC:"level='asInvoker' uiAccess='false'" /manifest:embed /PDB:".\CompilerIdCXX.pdb" /SUBSYSTEM:CONSOLE /TLBID:1 /DYNAMICBASE /NXCOMPAT /IMPLIB:".\CompilerIdCXX.lib" /MACHINE:X86 /SAFESEH Debug\CMakeCXXCompilerId.obj
  CompilerIdCXX.vcxproj -> C:\Users\mattz\Documents\GitHub\food-mobile-flutter\build\CMakeFiles\3.24.202208181-MSVC_2\CompilerIdCXX\CompilerIdCXX.exe
PostBuildEvent:
  for %%i in (cl.exe) do @echo CMAKE_CXX_COMPILER=%%~$PATH:i
  :VCEnd
  CMAKE_CXX_COMPILER=C:\Program Files\Microsoft Visual Studio\2022\Enterprise\VC\Tools\MSVC\14.34.31933\bin\Hostx86\x86\cl.exe
FinalizeBuildStatus:
  Eliminazione del file "Debug\CompilerIdCXX.tlog\unsuccessfulbuild" in corso.
  Aggiornamento timestamp di "Debug\CompilerIdCXX.tlog\CompilerIdCXX.lastbuildstate".
Compilazione progetto "C:\Users\mattz\Documents\GitHub\food-mobile-flutter\build\CMakeFiles\3.24.202208181-MSVC_2\CompilerIdCXX\CompilerIdCXX.vcxproj" (destinazioni predefinite) completata.

Compilazione completata.
    Avvisi: 0
    Errori: 0

Tempo trascorso 00:00:02.71


Compilation of the CXX compiler identification source "CMakeCXXCompilerId.cpp" produced "CompilerIdCXX.exe"

Compilation of the CXX compiler identification source "CMakeCXXCompilerId.cpp" produced "CompilerIdCXX.vcxproj"

The CXX compiler identification is MSVC, found in "C:/Users/mattz/Documents/GitHub/food-mobile-flutter/build/CMakeFiles/3.24.202208181-MSVC_2/CompilerIdCXX/CompilerIdCXX.exe"

Detecting C compiler ABI info compiled with the following output:
Change Dir: C:/Users/mattz/Documents/GitHub/food-mobile-flutter/build/CMakeFiles/CMakeTmp

Run Build Command(s):C:/Program Files/Microsoft Visual Studio/2022/Enterprise/MSBuild/Current/Bin/amd64/MSBuild.exe cmTC_08d3c.vcxproj /p:Configuration=Debug /p:Platform=win32 /p:VisualStudioVersion=17.0 /v:m && MSBuild version 17.4.0+18d5aef85 for .NET Framework
  Microsoft (R) C/C++ Optimizing Compiler versione 19.34.31933 per x86
  CMakeCCompilerABI.c
  Copyright (C) Microsoft Corporation. Tutti i diritti  sono riservati.
  cl /c /Zi /W3 /WX- /diagnostics:column /Od /Ob0 /Oy- /D _MBCS /D WIN32 /D _WINDOWS /D "CMAKE_INTDIR=\"Debug\"" /Gm- /RTC1 /MDd /GS /fp:precise /Zc:wchar_t /Zc:forScope /Zc:inline /Fo"cmTC_08d3c.dir\Debug\\" /Fd"cmTC_08d3c.dir\Debug\vc143.pdb" /external:W3 /Gd /TC /analyze- /errorReport:queue "C:\Program Files\Microsoft Visual Studio\2022\Enterprise\Common7\IDE\CommonExtensions\Microsoft\CMake\CMake\share\cmake-3.24\Modules\CMakeCCompilerABI.c"
  cmTC_08d3c.vcxproj -> C:\Users\mattz\Documents\GitHub\food-mobile-flutter\build\CMakeFiles\CMakeTmp\Debug\cmTC_08d3c.exe



